[TRACE] 2020-07-10 11:53:00.390 [restartedMain] org.springframework.beans.BeanUtils - No property editor [org.springframework.boot.logging.LogLevelEditor] found for type org.springframework.boot.logging.LogLevel according to 'Editor' suffix convention
[INFO ] 2020-07-10 11:53:00.711 [restartedMain] org.springframework.boot.StartupInfoLogger - Starting ShopingcartApplication on ponidoreen with PID 13416 (C:\Users\joeko\IdeaProjects\shopingcart\target\classes started by joe in C:\Users\joeko\IdeaProjects\shopingcart)
[INFO ] 2020-07-10 11:53:00.720 [restartedMain] org.springframework.boot.SpringApplication - No active profile set, falling back to default profiles: default
[INFO ] 2020-07-10 11:53:00.846 [restartedMain] org.springframework.boot.logging.DeferredLog - Devtools property defaults active! Set 'spring.devtools.add-properties' to 'false' to disable
[INFO ] 2020-07-10 11:53:00.847 [restartedMain] org.springframework.boot.logging.DeferredLog - For additional web related logging consider setting the 'logging.level.web' property to 'DEBUG'
[INFO ] 2020-07-10 11:53:03.444 [restartedMain] org.springframework.data.repository.config.RepositoryConfigurationDelegate - Bootstrapping Spring Data JPA repositories in DEFERRED mode.
[INFO ] 2020-07-10 11:53:03.713 [restartedMain] org.springframework.data.repository.config.RepositoryConfigurationDelegate - Finished Spring Data repository scanning in 242ms. Found 5 JPA repository interfaces.
[INFO ] 2020-07-10 11:53:05.051 [restartedMain] org.springframework.boot.web.embedded.tomcat.TomcatWebServer - Tomcat initialized with port(s): 8080 (http)
[INFO ] 2020-07-10 11:53:05.076 [restartedMain] org.apache.juli.logging.DirectJDKLog - Initializing ProtocolHandler ["http-nio-8080"]
[INFO ] 2020-07-10 11:53:05.078 [restartedMain] org.apache.juli.logging.DirectJDKLog - Starting service [Tomcat]
[INFO ] 2020-07-10 11:53:05.079 [restartedMain] org.apache.juli.logging.DirectJDKLog - Starting Servlet engine: [Apache Tomcat/9.0.36]
[INFO ] 2020-07-10 11:53:05.497 [restartedMain] org.apache.juli.logging.DirectJDKLog - Initializing Spring embedded WebApplicationContext
[INFO ] 2020-07-10 11:53:05.498 [restartedMain] org.springframework.boot.web.servlet.context.ServletWebServerApplicationContext - Root WebApplicationContext: initialization completed in 4564 ms
[INFO ] 2020-07-10 11:53:05.961 [restartedMain] org.springframework.scheduling.concurrent.ExecutorConfigurationSupport - Initializing ExecutorService 'applicationTaskExecutor'
[INFO ] 2020-07-10 11:53:06.432 [task-1] org.hibernate.jpa.internal.util.LogHelper - HHH000204: Processing PersistenceUnitInfo [name: default]
[WARN ] 2020-07-10 11:53:06.595 [restartedMain] org.springframework.boot.autoconfigure.orm.jpa.JpaBaseConfiguration$JpaWebConfiguration - spring.jpa.open-in-view is enabled by default. Therefore, database queries may be performed during view rendering. Explicitly configure spring.jpa.open-in-view to disable this warning
[INFO ] 2020-07-10 11:53:06.638 [task-1] org.hibernate.Version - HHH000412: Hibernate ORM core version 5.4.17.Final
[INFO ] 2020-07-10 11:53:07.217 [task-1] org.hibernate.annotations.common.reflection.java.JavaReflectionManager - HCANN000001: Hibernate Commons Annotations {5.1.0.Final}
[INFO ] 2020-07-10 11:53:07.442 [restartedMain] org.springframework.security.web.DefaultSecurityFilterChain - Creating filter chain: any request, [org.springframework.security.web.context.request.async.WebAsyncManagerIntegrationFilter@51b45e44, org.springframework.security.web.context.SecurityContextPersistenceFilter@1861511e, org.springframework.security.web.header.HeaderWriterFilter@c409a33, org.springframework.security.web.authentication.logout.LogoutFilter@b45dd63, org.springframework.security.web.authentication.UsernamePasswordAuthenticationFilter@4836e7e2, org.springframework.security.web.authentication.ui.DefaultLoginPageGeneratingFilter@252b6d55, org.springframework.security.web.authentication.ui.DefaultLogoutPageGeneratingFilter@5f4e5531, org.springframework.security.web.authentication.www.BasicAuthenticationFilter@1fd8d02b, org.springframework.security.web.savedrequest.RequestCacheAwareFilter@49b81115, org.springframework.security.web.servletapi.SecurityContextHolderAwareRequestFilter@52e2d11d, org.springframework.security.web.authentication.AnonymousAuthenticationFilter@3dac318c, org.springframework.security.web.session.SessionManagementFilter@7140e590, org.springframework.security.web.access.ExceptionTranslationFilter@3675d88a, org.springframework.security.web.access.intercept.FilterSecurityInterceptor@339d0a7d]
[INFO ] 2020-07-10 11:53:07.711 [task-1] com.zaxxer.hikari.HikariDataSource - HikariPool-1 - Starting...
[INFO ] 2020-07-10 11:53:09.372 [restartedMain] org.springframework.boot.devtools.autoconfigure.OptionalLiveReloadServer - LiveReload server is running on port 35729
[INFO ] 2020-07-10 11:53:09.504 [restartedMain] org.apache.juli.logging.DirectJDKLog - Starting ProtocolHandler ["http-nio-8080"]
[INFO ] 2020-07-10 11:53:09.634 [restartedMain] org.springframework.boot.web.embedded.tomcat.TomcatWebServer - Tomcat started on port(s): 8080 (http) with context path ''
[INFO ] 2020-07-10 11:53:09.659 [restartedMain] org.springframework.data.repository.config.DeferredRepositoryInitializationListener - Triggering deferred initialization of Spring Data repositories…
[INFO ] 2020-07-10 11:53:10.832 [task-1] com.zaxxer.hikari.HikariDataSource - HikariPool-1 - Start completed.
[INFO ] 2020-07-10 11:53:10.877 [task-1] org.hibernate.dialect.Dialect - HHH000400: Using dialect: org.hibernate.dialect.MySQL8Dialect
[INFO ] 2020-07-10 11:53:14.392 [task-1] org.hibernate.engine.transaction.jta.platform.internal.JtaPlatformInitiator - HHH000490: Using JtaPlatform implementation: [org.hibernate.engine.transaction.jta.platform.internal.NoJtaPlatform]
[INFO ] 2020-07-10 11:53:14.419 [task-1] org.springframework.orm.jpa.AbstractEntityManagerFactoryBean - Initialized JPA EntityManagerFactory for persistence unit 'default'
[INFO ] 2020-07-10 11:53:16.745 [restartedMain] org.springframework.data.repository.config.DeferredRepositoryInitializationListener - Spring Data repositories initialized!
[INFO ] 2020-07-10 11:53:16.775 [restartedMain] org.springframework.boot.StartupInfoLogger - Started ShopingcartApplication in 17.219 seconds (JVM running for 23.017)
[INFO ] 2020-07-10 11:53:33.585 [http-nio-8080-exec-2] org.apache.juli.logging.DirectJDKLog - Initializing Spring DispatcherServlet 'dispatcherServlet'
[INFO ] 2020-07-10 11:53:33.586 [http-nio-8080-exec-2] org.springframework.web.servlet.FrameworkServlet - Initializing Servlet 'dispatcherServlet'
[INFO ] 2020-07-10 11:53:33.617 [http-nio-8080-exec-2] org.springframework.web.servlet.FrameworkServlet - Completed initialization in 31 ms
[INFO ] 2020-07-10 11:53:37.852 [http-nio-8080-exec-2] com.kazam.shopingcart.controller.OrdersController - adding order...
[INFO ] 2020-07-10 11:53:38.424 [http-nio-8080-exec-2] com.kazam.shopingcart.controller.OrdersController - order added
[TRACE] 2020-07-10 12:01:04.235 [restartedMain] org.springframework.beans.BeanUtils - No property editor [org.springframework.boot.logging.LogLevelEditor] found for type org.springframework.boot.logging.LogLevel according to 'Editor' suffix convention
[INFO ] 2020-07-10 12:01:04.444 [restartedMain] org.springframework.boot.StartupInfoLogger - Starting ShopingcartApplication on ponidoreen with PID 21228 (C:\Users\joeko\IdeaProjects\shopingcart\target\classes started by joe in C:\Users\joeko\IdeaProjects\shopingcart)
[INFO ] 2020-07-10 12:01:04.453 [restartedMain] org.springframework.boot.SpringApplication - No active profile set, falling back to default profiles: default
[INFO ] 2020-07-10 12:01:04.650 [restartedMain] org.springframework.boot.logging.DeferredLog - Devtools property defaults active! Set 'spring.devtools.add-properties' to 'false' to disable
[INFO ] 2020-07-10 12:01:04.651 [restartedMain] org.springframework.boot.logging.DeferredLog - For additional web related logging consider setting the 'logging.level.web' property to 'DEBUG'
[INFO ] 2020-07-10 12:01:06.494 [restartedMain] org.springframework.data.repository.config.RepositoryConfigurationDelegate - Bootstrapping Spring Data JPA repositories in DEFERRED mode.
[INFO ] 2020-07-10 12:01:06.754 [restartedMain] org.springframework.data.repository.config.RepositoryConfigurationDelegate - Finished Spring Data repository scanning in 238ms. Found 5 JPA repository interfaces.
[INFO ] 2020-07-10 12:01:08.480 [restartedMain] org.springframework.boot.web.embedded.tomcat.TomcatWebServer - Tomcat initialized with port(s): 8080 (http)
[INFO ] 2020-07-10 12:01:08.505 [restartedMain] org.apache.juli.logging.DirectJDKLog - Initializing ProtocolHandler ["http-nio-8080"]
[INFO ] 2020-07-10 12:01:08.507 [restartedMain] org.apache.juli.logging.DirectJDKLog - Starting service [Tomcat]
[INFO ] 2020-07-10 12:01:08.508 [restartedMain] org.apache.juli.logging.DirectJDKLog - Starting Servlet engine: [Apache Tomcat/9.0.36]
[INFO ] 2020-07-10 12:01:08.936 [restartedMain] org.apache.juli.logging.DirectJDKLog - Initializing Spring embedded WebApplicationContext
[INFO ] 2020-07-10 12:01:08.937 [restartedMain] org.springframework.boot.web.servlet.context.ServletWebServerApplicationContext - Root WebApplicationContext: initialization completed in 4286 ms
[INFO ] 2020-07-10 12:01:09.981 [restartedMain] org.springframework.scheduling.concurrent.ExecutorConfigurationSupport - Initializing ExecutorService 'applicationTaskExecutor'
[INFO ] 2020-07-10 12:01:10.591 [task-1] org.hibernate.jpa.internal.util.LogHelper - HHH000204: Processing PersistenceUnitInfo [name: default]
[WARN ] 2020-07-10 12:01:10.755 [restartedMain] org.springframework.boot.autoconfigure.orm.jpa.JpaBaseConfiguration$JpaWebConfiguration - spring.jpa.open-in-view is enabled by default. Therefore, database queries may be performed during view rendering. Explicitly configure spring.jpa.open-in-view to disable this warning
[INFO ] 2020-07-10 12:01:10.799 [task-1] org.hibernate.Version - HHH000412: Hibernate ORM core version 5.4.17.Final
[INFO ] 2020-07-10 12:01:11.376 [task-1] org.hibernate.annotations.common.reflection.java.JavaReflectionManager - HCANN000001: Hibernate Commons Annotations {5.1.0.Final}
[INFO ] 2020-07-10 12:01:11.601 [restartedMain] org.springframework.security.web.DefaultSecurityFilterChain - Creating filter chain: any request, [org.springframework.security.web.context.request.async.WebAsyncManagerIntegrationFilter@4f078129, org.springframework.security.web.context.SecurityContextPersistenceFilter@7b91c7f7, org.springframework.security.web.header.HeaderWriterFilter@27abffcf, org.springframework.security.web.authentication.logout.LogoutFilter@44056cbe, org.springframework.security.web.authentication.UsernamePasswordAuthenticationFilter@6a59c0c8, org.springframework.security.web.authentication.ui.DefaultLoginPageGeneratingFilter@56188b04, org.springframework.security.web.authentication.ui.DefaultLogoutPageGeneratingFilter@66d74b9c, org.springframework.security.web.authentication.www.BasicAuthenticationFilter@63cbcf62, org.springframework.security.web.savedrequest.RequestCacheAwareFilter@7650d3a0, org.springframework.security.web.servletapi.SecurityContextHolderAwareRequestFilter@1ce32285, org.springframework.security.web.authentication.AnonymousAuthenticationFilter@3c1003c3, org.springframework.security.web.session.SessionManagementFilter@30a90513, org.springframework.security.web.access.ExceptionTranslationFilter@5e479b1f, org.springframework.security.web.access.intercept.FilterSecurityInterceptor@722515d9]
[INFO ] 2020-07-10 12:01:11.841 [task-1] com.zaxxer.hikari.HikariDataSource - HikariPool-1 - Starting...
[INFO ] 2020-07-10 12:01:12.817 [restartedMain] org.springframework.boot.devtools.autoconfigure.OptionalLiveReloadServer - LiveReload server is running on port 35729
[INFO ] 2020-07-10 12:01:12.885 [restartedMain] org.apache.juli.logging.DirectJDKLog - Starting ProtocolHandler ["http-nio-8080"]
[INFO ] 2020-07-10 12:01:12.946 [restartedMain] org.springframework.boot.web.embedded.tomcat.TomcatWebServer - Tomcat started on port(s): 8080 (http) with context path ''
[INFO ] 2020-07-10 12:01:12.954 [restartedMain] org.springframework.data.repository.config.DeferredRepositoryInitializationListener - Triggering deferred initialization of Spring Data repositories…
[INFO ] 2020-07-10 12:01:13.893 [task-1] com.zaxxer.hikari.HikariDataSource - HikariPool-1 - Start completed.
[INFO ] 2020-07-10 12:01:13.938 [task-1] org.hibernate.dialect.Dialect - HHH000400: Using dialect: org.hibernate.dialect.MySQL8Dialect
[INFO ] 2020-07-10 12:01:18.040 [task-1] org.hibernate.engine.transaction.jta.platform.internal.JtaPlatformInitiator - HHH000490: Using JtaPlatform implementation: [org.hibernate.engine.transaction.jta.platform.internal.NoJtaPlatform]
[INFO ] 2020-07-10 12:01:18.067 [task-1] org.springframework.orm.jpa.AbstractEntityManagerFactoryBean - Initialized JPA EntityManagerFactory for persistence unit 'default'
[INFO ] 2020-07-10 12:01:20.004 [restartedMain] org.springframework.data.repository.config.DeferredRepositoryInitializationListener - Spring Data repositories initialized!
[INFO ] 2020-07-10 12:01:20.040 [restartedMain] org.springframework.boot.StartupInfoLogger - Started ShopingcartApplication in 16.725 seconds (JVM running for 21.729)
[INFO ] 2020-07-10 12:01:58.579 [http-nio-8080-exec-2] org.apache.juli.logging.DirectJDKLog - Initializing Spring DispatcherServlet 'dispatcherServlet'
[INFO ] 2020-07-10 12:01:58.580 [http-nio-8080-exec-2] org.springframework.web.servlet.FrameworkServlet - Initializing Servlet 'dispatcherServlet'
[INFO ] 2020-07-10 12:01:58.634 [http-nio-8080-exec-2] org.springframework.web.servlet.FrameworkServlet - Completed initialization in 53 ms
[INFO ] 2020-07-10 12:02:01.684 [http-nio-8080-exec-2] com.kazam.shopingcart.controller.OrdersController - adding order...
[INFO ] 2020-07-10 12:02:02.145 [http-nio-8080-exec-2] com.kazam.shopingcart.controller.OrdersController - order added
[TRACE] 2020-07-10 12:05:52.237 [restartedMain] org.springframework.beans.BeanUtils - No property editor [org.springframework.boot.logging.LogLevelEditor] found for type org.springframework.boot.logging.LogLevel according to 'Editor' suffix convention
[INFO ] 2020-07-10 12:05:52.466 [restartedMain] org.springframework.boot.StartupInfoLogger - Starting ShopingcartApplication on ponidoreen with PID 19984 (C:\Users\joeko\IdeaProjects\shopingcart\target\classes started by joe in C:\Users\joeko\IdeaProjects\shopingcart)
[INFO ] 2020-07-10 12:05:52.474 [restartedMain] org.springframework.boot.SpringApplication - No active profile set, falling back to default profiles: default
[INFO ] 2020-07-10 12:05:52.672 [restartedMain] org.springframework.boot.logging.DeferredLog - Devtools property defaults active! Set 'spring.devtools.add-properties' to 'false' to disable
[INFO ] 2020-07-10 12:05:52.673 [restartedMain] org.springframework.boot.logging.DeferredLog - For additional web related logging consider setting the 'logging.level.web' property to 'DEBUG'
[INFO ] 2020-07-10 12:05:55.244 [restartedMain] org.springframework.data.repository.config.RepositoryConfigurationDelegate - Bootstrapping Spring Data JPA repositories in DEFERRED mode.
[INFO ] 2020-07-10 12:05:55.551 [restartedMain] org.springframework.data.repository.config.RepositoryConfigurationDelegate - Finished Spring Data repository scanning in 282ms. Found 5 JPA repository interfaces.
[INFO ] 2020-07-10 12:05:57.953 [restartedMain] org.springframework.boot.web.embedded.tomcat.TomcatWebServer - Tomcat initialized with port(s): 8080 (http)
[INFO ] 2020-07-10 12:05:58.000 [restartedMain] org.apache.juli.logging.DirectJDKLog - Initializing ProtocolHandler ["http-nio-8080"]
[INFO ] 2020-07-10 12:05:58.002 [restartedMain] org.apache.juli.logging.DirectJDKLog - Starting service [Tomcat]
[INFO ] 2020-07-10 12:05:58.004 [restartedMain] org.apache.juli.logging.DirectJDKLog - Starting Servlet engine: [Apache Tomcat/9.0.36]
[INFO ] 2020-07-10 12:05:58.597 [restartedMain] org.apache.juli.logging.DirectJDKLog - Initializing Spring embedded WebApplicationContext
[INFO ] 2020-07-10 12:05:58.598 [restartedMain] org.springframework.boot.web.servlet.context.ServletWebServerApplicationContext - Root WebApplicationContext: initialization completed in 5923 ms
[INFO ] 2020-07-10 12:05:59.663 [restartedMain] org.springframework.scheduling.concurrent.ExecutorConfigurationSupport - Initializing ExecutorService 'applicationTaskExecutor'
[INFO ] 2020-07-10 12:06:00.617 [task-1] org.hibernate.jpa.internal.util.LogHelper - HHH000204: Processing PersistenceUnitInfo [name: default]
[WARN ] 2020-07-10 12:06:01.078 [restartedMain] org.springframework.boot.autoconfigure.orm.jpa.JpaBaseConfiguration$JpaWebConfiguration - spring.jpa.open-in-view is enabled by default. Therefore, database queries may be performed during view rendering. Explicitly configure spring.jpa.open-in-view to disable this warning
[INFO ] 2020-07-10 12:06:01.178 [task-1] org.hibernate.Version - HHH000412: Hibernate ORM core version 5.4.17.Final
[INFO ] 2020-07-10 12:06:02.051 [task-1] org.hibernate.annotations.common.reflection.java.JavaReflectionManager - HCANN000001: Hibernate Commons Annotations {5.1.0.Final}
[INFO ] 2020-07-10 12:06:02.277 [restartedMain] org.springframework.security.web.DefaultSecurityFilterChain - Creating filter chain: any request, [org.springframework.security.web.context.request.async.WebAsyncManagerIntegrationFilter@5d3af6c5, org.springframework.security.web.context.SecurityContextPersistenceFilter@6acdf7b8, org.springframework.security.web.header.HeaderWriterFilter@951d952, org.springframework.security.web.authentication.logout.LogoutFilter@61d66921, org.springframework.security.web.authentication.UsernamePasswordAuthenticationFilter@2c9ac8d4, org.springframework.security.web.authentication.ui.DefaultLoginPageGeneratingFilter@5ae2671f, org.springframework.security.web.authentication.ui.DefaultLogoutPageGeneratingFilter@66397717, org.springframework.security.web.authentication.www.BasicAuthenticationFilter@2da4fae4, org.springframework.security.web.savedrequest.RequestCacheAwareFilter@4fbd4ddf, org.springframework.security.web.servletapi.SecurityContextHolderAwareRequestFilter@5b50d22a, org.springframework.security.web.authentication.AnonymousAuthenticationFilter@599c86ef, org.springframework.security.web.session.SessionManagementFilter@7d093b1d, org.springframework.security.web.access.ExceptionTranslationFilter@35ee22dc, org.springframework.security.web.access.intercept.FilterSecurityInterceptor@2aa91ad1]
[INFO ] 2020-07-10 12:06:02.528 [task-1] com.zaxxer.hikari.HikariDataSource - HikariPool-1 - Starting...
[INFO ] 2020-07-10 12:06:03.550 [restartedMain] org.springframework.boot.devtools.autoconfigure.OptionalLiveReloadServer - LiveReload server is running on port 35729
[INFO ] 2020-07-10 12:06:03.629 [restartedMain] org.apache.juli.logging.DirectJDKLog - Starting ProtocolHandler ["http-nio-8080"]
[INFO ] 2020-07-10 12:06:03.685 [restartedMain] org.springframework.boot.web.embedded.tomcat.TomcatWebServer - Tomcat started on port(s): 8080 (http) with context path ''
[INFO ] 2020-07-10 12:06:03.693 [restartedMain] org.springframework.data.repository.config.DeferredRepositoryInitializationListener - Triggering deferred initialization of Spring Data repositories…
[INFO ] 2020-07-10 12:06:04.491 [task-1] com.zaxxer.hikari.HikariDataSource - HikariPool-1 - Start completed.
[INFO ] 2020-07-10 12:06:04.549 [task-1] org.hibernate.dialect.Dialect - HHH000400: Using dialect: org.hibernate.dialect.MySQL8Dialect
[INFO ] 2020-07-10 12:06:09.947 [task-1] org.hibernate.engine.transaction.jta.platform.internal.JtaPlatformInitiator - HHH000490: Using JtaPlatform implementation: [org.hibernate.engine.transaction.jta.platform.internal.NoJtaPlatform]
[INFO ] 2020-07-10 12:06:09.984 [task-1] org.springframework.orm.jpa.AbstractEntityManagerFactoryBean - Initialized JPA EntityManagerFactory for persistence unit 'default'
[INFO ] 2020-07-10 12:06:12.066 [restartedMain] org.springframework.data.repository.config.DeferredRepositoryInitializationListener - Spring Data repositories initialized!
[INFO ] 2020-07-10 12:06:12.113 [restartedMain] org.springframework.boot.StartupInfoLogger - Started ShopingcartApplication in 20.535 seconds (JVM running for 27.005)
[INFO ] 2020-07-10 12:06:28.509 [http-nio-8080-exec-2] org.apache.juli.logging.DirectJDKLog - Initializing Spring DispatcherServlet 'dispatcherServlet'
[INFO ] 2020-07-10 12:06:28.510 [http-nio-8080-exec-2] org.springframework.web.servlet.FrameworkServlet - Initializing Servlet 'dispatcherServlet'
[INFO ] 2020-07-10 12:06:28.539 [http-nio-8080-exec-2] org.springframework.web.servlet.FrameworkServlet - Completed initialization in 27 ms
[INFO ] 2020-07-10 12:06:31.117 [http-nio-8080-exec-2] com.kazam.shopingcart.controller.OrdersController - adding order...
[INFO ] 2020-07-10 12:06:31.686 [http-nio-8080-exec-2] com.kazam.shopingcart.controller.OrdersController - order added
