[INFO ] 2020-07-10 13:09:15.789 [restartedMain] org.springframework.boot.StartupInfoLogger - Starting ShopingcartApplication on ponidoreen with PID 15524 (C:\Users\joeko\IdeaProjects\shopingcart\target\classes started by joe in C:\Users\joeko\IdeaProjects\shopingcart)
[INFO ] 2020-07-10 13:09:15.819 [restartedMain] org.springframework.boot.SpringApplication - No active profile set, falling back to default profiles: default
[INFO ] 2020-07-10 13:09:16.022 [restartedMain] org.springframework.boot.logging.DeferredLog - Devtools property defaults active! Set 'spring.devtools.add-properties' to 'false' to disable
[INFO ] 2020-07-10 13:09:16.025 [restartedMain] org.springframework.boot.logging.DeferredLog - For additional web related logging consider setting the 'logging.level.web' property to 'DEBUG'
[INFO ] 2020-07-10 13:09:18.464 [restartedMain] org.springframework.data.repository.config.RepositoryConfigurationDelegate - Bootstrapping Spring Data JPA repositories in DEFERRED mode.
[INFO ] 2020-07-10 13:09:18.723 [restartedMain] org.springframework.data.repository.config.RepositoryConfigurationDelegate - Finished Spring Data repository scanning in 226ms. Found 5 JPA repository interfaces.
[INFO ] 2020-07-10 13:09:20.140 [restartedMain] org.springframework.boot.web.embedded.tomcat.TomcatWebServer - Tomcat initialized with port(s): 8080 (http)
[INFO ] 2020-07-10 13:09:20.166 [restartedMain] org.apache.juli.logging.DirectJDKLog - Initializing ProtocolHandler ["http-nio-8080"]
[INFO ] 2020-07-10 13:09:20.168 [restartedMain] org.apache.juli.logging.DirectJDKLog - Starting service [Tomcat]
[INFO ] 2020-07-10 13:09:20.169 [restartedMain] org.apache.juli.logging.DirectJDKLog - Starting Servlet engine: [Apache Tomcat/9.0.36]
[INFO ] 2020-07-10 13:09:20.668 [restartedMain] org.apache.juli.logging.DirectJDKLog - Initializing Spring embedded WebApplicationContext
[INFO ] 2020-07-10 13:09:20.671 [restartedMain] org.springframework.boot.web.servlet.context.ServletWebServerApplicationContext - Root WebApplicationContext: initialization completed in 4643 ms
[INFO ] 2020-07-10 13:09:21.174 [restartedMain] org.springframework.scheduling.concurrent.ExecutorConfigurationSupport - Initializing ExecutorService 'applicationTaskExecutor'
[INFO ] 2020-07-10 13:09:21.645 [task-1] org.hibernate.jpa.internal.util.LogHelper - HHH000204: Processing PersistenceUnitInfo [name: default]
[WARN ] 2020-07-10 13:09:21.836 [restartedMain] org.springframework.boot.autoconfigure.orm.jpa.JpaBaseConfiguration$JpaWebConfiguration - spring.jpa.open-in-view is enabled by default. Therefore, database queries may be performed during view rendering. Explicitly configure spring.jpa.open-in-view to disable this warning
[INFO ] 2020-07-10 13:09:21.880 [task-1] org.hibernate.Version - HHH000412: Hibernate ORM core version 5.4.17.Final
[INFO ] 2020-07-10 13:09:22.722 [task-1] org.hibernate.annotations.common.reflection.java.JavaReflectionManager - HCANN000001: Hibernate Commons Annotations {5.1.0.Final}
[INFO ] 2020-07-10 13:09:23.091 [restartedMain] org.springframework.security.web.DefaultSecurityFilterChain - Creating filter chain: any request, [org.springframework.security.web.context.request.async.WebAsyncManagerIntegrationFilter@425a2249, org.springframework.security.web.context.SecurityContextPersistenceFilter@19af25c1, org.springframework.security.web.header.HeaderWriterFilter@5e50ef21, org.springframework.security.web.authentication.logout.LogoutFilter@3833e4c, org.springframework.security.web.authentication.UsernamePasswordAuthenticationFilter@7e9eba76, org.springframework.security.web.authentication.ui.DefaultLoginPageGeneratingFilter@785978d1, org.springframework.security.web.authentication.ui.DefaultLogoutPageGeneratingFilter@472f9c60, org.springframework.security.web.authentication.www.BasicAuthenticationFilter@7f9385c0, org.springframework.security.web.savedrequest.RequestCacheAwareFilter@439c06cd, org.springframework.security.web.servletapi.SecurityContextHolderAwareRequestFilter@1e39d0a2, org.springframework.security.web.authentication.AnonymousAuthenticationFilter@346de442, org.springframework.security.web.session.SessionManagementFilter@66c32eeb, org.springframework.security.web.access.ExceptionTranslationFilter@c206eb0, org.springframework.security.web.access.intercept.FilterSecurityInterceptor@b90e584]
[INFO ] 2020-07-10 13:09:23.410 [task-1] com.zaxxer.hikari.HikariDataSource - HikariPool-1 - Starting...
[INFO ] 2020-07-10 13:09:24.681 [restartedMain] org.springframework.boot.devtools.autoconfigure.OptionalLiveReloadServer - LiveReload server is running on port 35729
[INFO ] 2020-07-10 13:09:24.764 [restartedMain] org.apache.juli.logging.DirectJDKLog - Starting ProtocolHandler ["http-nio-8080"]
[INFO ] 2020-07-10 13:09:24.839 [restartedMain] org.springframework.boot.web.embedded.tomcat.TomcatWebServer - Tomcat started on port(s): 8080 (http) with context path ''
[INFO ] 2020-07-10 13:09:24.848 [restartedMain] org.springframework.data.repository.config.DeferredRepositoryInitializationListener - Triggering deferred initialization of Spring Data repositories…
[INFO ] 2020-07-10 13:09:25.775 [task-1] com.zaxxer.hikari.HikariDataSource - HikariPool-1 - Start completed.
[INFO ] 2020-07-10 13:09:25.831 [task-1] org.hibernate.dialect.Dialect - HHH000400: Using dialect: org.hibernate.dialect.MySQL8Dialect
[INFO ] 2020-07-10 13:09:30.238 [task-1] org.hibernate.engine.transaction.jta.platform.internal.JtaPlatformInitiator - HHH000490: Using JtaPlatform implementation: [org.hibernate.engine.transaction.jta.platform.internal.NoJtaPlatform]
[INFO ] 2020-07-10 13:09:30.275 [task-1] org.springframework.orm.jpa.AbstractEntityManagerFactoryBean - Initialized JPA EntityManagerFactory for persistence unit 'default'
[INFO ] 2020-07-10 13:09:32.416 [restartedMain] org.springframework.data.repository.config.DeferredRepositoryInitializationListener - Spring Data repositories initialized!
[INFO ] 2020-07-10 13:09:32.445 [restartedMain] org.springframework.boot.StartupInfoLogger - Started ShopingcartApplication in 17.671 seconds (JVM running for 23.425)
[INFO ] 2020-07-10 13:09:44.259 [http-nio-8080-exec-1] org.apache.juli.logging.DirectJDKLog - Initializing Spring DispatcherServlet 'dispatcherServlet'
[INFO ] 2020-07-10 13:09:44.261 [http-nio-8080-exec-1] org.springframework.web.servlet.FrameworkServlet - Initializing Servlet 'dispatcherServlet'
[INFO ] 2020-07-10 13:09:44.290 [http-nio-8080-exec-1] org.springframework.web.servlet.FrameworkServlet - Completed initialization in 29 ms
[INFO ] 2020-07-10 13:09:46.742 [http-nio-8080-exec-1] com.kazam.shopingcart.controller.OrdersController - adding order...
[INFO ] 2020-07-10 13:09:47.407 [http-nio-8080-exec-1] com.kazam.shopingcart.controller.OrdersController - order added
